2026-07-22 23:33:33,337 root INFO Train Loss: 2.9357
2026-07-22 23:33:33,337 root INFO Train Acc : 0.1853
2026-07-22 23:33:33,337 root INFO Train F1  : 0.1747
2026-07-22 23:33:33,338 root INFO Val Loss  : 2.2376
2026-07-22 23:33:33,338 root INFO Val Acc   : 0.3160
2026-07-22 23:33:33,338 root INFO Val F1    : 0.2438
2026-07-23 00:02:22,432 root INFO Train Loss: 1.7391
2026-07-23 00:02:22,433 root INFO Train Acc : 0.4545
2026-07-23 00:02:22,433 root INFO Train F1  : 0.4412
2026-07-23 00:02:22,433 root INFO Val Loss  : 1.4980
2026-07-23 00:02:22,433 root INFO Val Acc   : 0.5286
2026-07-23 00:02:22,433 root INFO Val F1    : 0.4695
2026-07-23 00:30:50,214 root INFO Train Loss: 1.1528
2026-07-23 00:30:50,214 root INFO Train Acc : 0.6209
2026-07-23 00:30:50,215 root INFO Train F1  : 0.6130
2026-07-23 00:30:50,215 root INFO Val Loss  : 1.0099
2026-07-23 00:30:50,215 root INFO Val Acc   : 0.6623
2026-07-23 00:30:50,215 root INFO Val F1    : 0.6416
2026-07-23 00:59:14,198 root INFO Train Loss: 0.9165
2026-07-23 00:59:14,198 root INFO Train Acc : 0.6900
2026-07-23 00:59:14,198 root INFO Train F1  : 0.6817
2026-07-23 00:59:14,198 root INFO Val Loss  : 0.9012
2026-07-23 00:59:14,199 root INFO Val Acc   : 0.7083
2026-07-23 00:59:14,199 root INFO Val F1    : 0.6915
2026-07-23 01:27:35,126 root INFO Train Loss: 0.7576
2026-07-23 01:27:35,126 root INFO Train Acc : 0.7451
2026-07-23 01:27:35,127 root INFO Train F1  : 0.7363
2026-07-23 01:27:35,127 root INFO Val Loss  : 0.8923
2026-07-23 01:27:35,127 root INFO Val Acc   : 0.6936
2026-07-23 01:27:35,127 root INFO Val F1    : 0.6777
2026-07-23 01:56:08,545 root INFO Train Loss: 0.6805
2026-07-23 01:56:08,545 root INFO Train Acc : 0.7640
2026-07-23 01:56:08,545 root INFO Train F1  : 0.7563
2026-07-23 01:56:08,545 root INFO Val Loss  : 0.8594
2026-07-23 01:56:08,545 root INFO Val Acc   : 0.7231
2026-07-23 01:56:08,546 root INFO Val F1    : 0.6928
2026-07-23 02:24:44,552 root INFO Train Loss: 0.6144
2026-07-23 02:24:44,553 root INFO Train Acc : 0.7820
2026-07-23 02:24:44,553 root INFO Train F1  : 0.7734
2026-07-23 02:24:44,553 root INFO Val Loss  : 0.8113
2026-07-23 02:24:44,553 root INFO Val Acc   : 0.7326
2026-07-23 02:24:44,553 root INFO Val F1    : 0.7027
2026-07-23 02:53:12,124 root INFO Train Loss: 0.5764
2026-07-23 02:53:12,125 root INFO Train Acc : 0.8043
2026-07-23 02:53:12,125 root INFO Train F1  : 0.7962
2026-07-23 02:53:12,125 root INFO Val Loss  : 0.7371
2026-07-23 02:53:12,125 root INFO Val Acc   : 0.7604
2026-07-23 02:53:12,125 root INFO Val F1    : 0.7383
2026-07-23 03:20:59,845 root INFO Train Loss: 0.5080
2026-07-23 03:20:59,845 root INFO Train Acc : 0.8224
2026-07-23 03:20:59,845 root INFO Train F1  : 0.8131
2026-07-23 03:20:59,845 root INFO Val Loss  : 0.5960
2026-07-23 03:20:59,845 root INFO Val Acc   : 0.7995
2026-07-23 03:20:59,846 root INFO Val F1    : 0.7882
2026-07-23 03:49:14,202 root INFO Train Loss: 0.4653
2026-07-23 03:49:14,202 root INFO Train Acc : 0.8365
2026-07-23 03:49:14,202 root INFO Train F1  : 0.8285
2026-07-23 03:49:14,202 root INFO Val Loss  : 0.5762
2026-07-23 03:49:14,202 root INFO Val Acc   : 0.8116
2026-07-23 03:49:14,202 root INFO Val F1    : 0.7966
2026-07-23 04:17:25,908 root INFO Train Loss: 0.4314
2026-07-23 04:17:25,908 root INFO Train Acc : 0.8483
2026-07-23 04:17:25,908 root INFO Train F1  : 0.8393
2026-07-23 04:17:25,908 root INFO Val Loss  : 0.6289
2026-07-23 04:17:25,908 root INFO Val Acc   : 0.8030
2026-07-23 04:17:25,908 root INFO Val F1    : 0.7838
2026-07-23 04:45:23,922 root INFO Train Loss: 0.4120
2026-07-23 04:45:23,923 root INFO Train Acc : 0.8581
2026-07-23 04:45:23,923 root INFO Train F1  : 0.8486
2026-07-23 04:45:23,923 root INFO Val Loss  : 0.4831
2026-07-23 04:45:23,923 root INFO Val Acc   : 0.8368
2026-07-23 04:45:23,923 root INFO Val F1    : 0.8288
2026-07-23 05:14:04,277 root INFO Train Loss: 0.3666
2026-07-23 05:14:04,278 root INFO Train Acc : 0.8665
2026-07-23 05:14:04,278 root INFO Train F1  : 0.8588
2026-07-23 05:14:04,278 root INFO Val Loss  : 0.4909
2026-07-23 05:14:04,278 root INFO Val Acc   : 0.8307
2026-07-23 05:14:04,278 root INFO Val F1    : 0.8144
2026-07-23 05:42:13,571 root INFO Train Loss: 0.3348
2026-07-23 05:42:13,572 root INFO Train Acc : 0.8793
2026-07-23 05:42:13,572 root INFO Train F1  : 0.8710
2026-07-23 05:42:13,572 root INFO Val Loss  : 0.4613
2026-07-23 05:42:13,572 root INFO Val Acc   : 0.8385
2026-07-23 05:42:13,572 root INFO Val F1    : 0.8235
2026-07-23 06:11:41,103 root INFO Train Loss: 0.3432
2026-07-23 06:11:41,103 root INFO Train Acc : 0.8759
2026-07-23 06:11:41,104 root INFO Train F1  : 0.8685
2026-07-23 06:11:41,104 root INFO Val Loss  : 0.4917
2026-07-23 06:11:41,104 root INFO Val Acc   : 0.8385
2026-07-23 06:11:41,104 root INFO Val F1    : 0.8152
2026-07-23 06:39:50,947 root INFO Train Loss: 0.3065
2026-07-23 06:39:50,947 root INFO Train Acc : 0.8894
2026-07-23 06:39:50,947 root INFO Train F1  : 0.8808
2026-07-23 06:39:50,948 root INFO Val Loss  : 0.4038
2026-07-23 06:39:50,948 root INFO Val Acc   : 0.8785
2026-07-23 06:39:50,948 root INFO Val F1    : 0.8655
2026-07-23 07:07:56,282 root INFO Train Loss: 0.2947
2026-07-23 07:07:56,282 root INFO Train Acc : 0.8944
2026-07-23 07:07:56,282 root INFO Train F1  : 0.8849
2026-07-23 07:07:56,282 root INFO Val Loss  : 0.4143
2026-07-23 07:07:56,282 root INFO Val Acc   : 0.8524
2026-07-23 07:07:56,282 root INFO Val F1    : 0.8437
2026-07-23 07:36:04,172 root INFO Train Loss: 0.2728
2026-07-23 07:36:04,172 root INFO Train Acc : 0.8996
2026-07-23 07:36:04,173 root INFO Train F1  : 0.8919
2026-07-23 07:36:04,173 root INFO Val Loss  : 0.4179
2026-07-23 07:36:04,173 root INFO Val Acc   : 0.8559
2026-07-23 07:36:04,173 root INFO Val F1    : 0.8426
2026-07-23 08:04:36,490 root INFO Train Loss: 0.2514
2026-07-23 08:04:36,491 root INFO Train Acc : 0.9104
2026-07-23 08:04:36,491 root INFO Train F1  : 0.9017
2026-07-23 08:04:36,491 root INFO Val Loss  : 0.4098
2026-07-23 08:04:36,491 root INFO Val Acc   : 0.8655
2026-07-23 08:04:36,491 root INFO Val F1    : 0.8553
2026-07-23 08:32:59,799 root INFO Train Loss: 0.2503
2026-07-23 08:32:59,799 root INFO Train Acc : 0.9096
2026-07-23 08:32:59,799 root INFO Train F1  : 0.9013
2026-07-23 08:32:59,799 root INFO Val Loss  : 0.4005
2026-07-23 08:32:59,799 root INFO Val Acc   : 0.8681
2026-07-23 08:32:59,799 root INFO Val F1    : 0.8585
2026-07-23 09:01:23,956 root INFO Train Loss: 0.2367
2026-07-23 09:01:23,956 root INFO Train Acc : 0.9148
2026-07-23 09:01:23,956 root INFO Train F1  : 0.9072
2026-07-23 09:01:23,957 root INFO Val Loss  : 0.3681
2026-07-23 09:01:23,957 root INFO Val Acc   : 0.8724
2026-07-23 09:01:23,957 root INFO Val F1    : 0.8647
2026-07-23 09:29:43,495 root INFO Train Loss: 0.2225
2026-07-23 09:29:43,496 root INFO Train Acc : 0.9193
2026-07-23 09:29:43,496 root INFO Train F1  : 0.9111
2026-07-23 09:29:43,496 root INFO Val Loss  : 0.3682
2026-07-23 09:29:43,496 root INFO Val Acc   : 0.8715
2026-07-23 09:29:43,496 root INFO Val F1    : 0.8643
