2026-07-22 09:41:45,306 root INFO Train Loss: 1.9667
2026-07-22 09:41:45,308 root INFO Train Acc : 0.6108
2026-07-22 09:41:45,308 root INFO Val Loss  : 0.4870
2026-07-22 09:41:45,308 root INFO Val Acc   : 0.8811
2026-07-22 10:09:36,811 root INFO Train Loss: 0.3937
2026-07-22 10:09:36,811 root INFO Train Acc : 0.8971
2026-07-22 10:09:36,811 root INFO Val Loss  : 0.2998
2026-07-22 10:09:36,811 root INFO Val Acc   : 0.9123
2026-07-22 10:37:01,351 root INFO Train Loss: 0.2952
2026-07-22 10:37:01,353 root INFO Train Acc : 0.9113
2026-07-22 10:37:01,353 root INFO Val Loss  : 0.2902
2026-07-22 10:37:01,353 root INFO Val Acc   : 0.9227
2026-07-22 11:04:06,678 root INFO Train Loss: 0.2512
2026-07-22 11:04:06,679 root INFO Train Acc : 0.9216
2026-07-22 11:04:06,679 root INFO Val Loss  : 0.2745
2026-07-22 11:04:06,680 root INFO Val Acc   : 0.9158
2026-07-22 11:30:52,772 root INFO Train Loss: 0.2305
2026-07-22 11:30:52,772 root INFO Train Acc : 0.9258
2026-07-22 11:30:52,772 root INFO Val Loss  : 0.2592
2026-07-22 11:30:52,772 root INFO Val Acc   : 0.9227
2026-07-22 11:57:46,061 root INFO Train Loss: 0.1924
2026-07-22 11:57:46,062 root INFO Train Acc : 0.9326
2026-07-22 11:57:46,062 root INFO Val Loss  : 0.2639
2026-07-22 11:57:46,062 root INFO Val Acc   : 0.9227
2026-07-22 12:24:51,763 root INFO Train Loss: 0.1756
2026-07-22 12:24:51,766 root INFO Train Acc : 0.9348
2026-07-22 12:24:51,766 root INFO Val Loss  : 0.2084
2026-07-22 12:24:51,766 root INFO Val Acc   : 0.9366
2026-07-22 12:52:16,309 root INFO Train Loss: 0.1685
2026-07-22 12:52:16,310 root INFO Train Acc : 0.9364
2026-07-22 12:52:16,310 root INFO Val Loss  : 0.2733
2026-07-22 12:52:16,310 root INFO Val Acc   : 0.9262
2026-07-22 13:19:26,439 root INFO Train Loss: 0.1554
2026-07-22 13:19:26,439 root INFO Train Acc : 0.9397
2026-07-22 13:19:26,440 root INFO Val Loss  : 0.2292
2026-07-22 13:19:26,440 root INFO Val Acc   : 0.9306
2026-07-22 13:46:39,915 root INFO Train Loss: 0.1383
2026-07-22 13:46:39,915 root INFO Train Acc : 0.9440
2026-07-22 13:46:39,915 root INFO Val Loss  : 0.2044
2026-07-22 13:46:39,915 root INFO Val Acc   : 0.9358
2026-07-22 14:14:03,355 root INFO Train Loss: 0.1226
2026-07-22 14:14:03,356 root INFO Train Acc : 0.9479
2026-07-22 14:14:03,356 root INFO Val Loss  : 0.2503
2026-07-22 14:14:03,356 root INFO Val Acc   : 0.9392
2026-07-22 14:40:50,226 root INFO Train Loss: 0.1128
2026-07-22 14:40:50,226 root INFO Train Acc : 0.9519
2026-07-22 14:40:50,227 root INFO Val Loss  : 0.2802
2026-07-22 14:40:50,227 root INFO Val Acc   : 0.9340
2026-07-22 15:06:48,149 root INFO Train Loss: 0.1069
2026-07-22 15:06:48,150 root INFO Train Acc : 0.9506
2026-07-22 15:06:48,150 root INFO Val Loss  : 0.2558
2026-07-22 15:06:48,150 root INFO Val Acc   : 0.9410
2026-07-22 15:33:44,000 root INFO Train Loss: 0.0963
2026-07-22 15:33:44,000 root INFO Train Acc : 0.9574
2026-07-22 15:33:44,001 root INFO Val Loss  : 0.2783
2026-07-22 15:33:44,001 root INFO Val Acc   : 0.9392
2026-07-22 16:00:13,208 root INFO Train Loss: 0.0915
2026-07-22 16:00:13,208 root INFO Train Acc : 0.9553
2026-07-22 16:00:13,208 root INFO Val Loss  : 0.2704
2026-07-22 16:00:13,209 root INFO Val Acc   : 0.9375
2026-07-22 16:26:28,142 root INFO Train Loss: 0.0931
2026-07-22 16:26:28,142 root INFO Train Acc : 0.9549
2026-07-22 16:26:28,143 root INFO Val Loss  : 0.2997
2026-07-22 16:26:28,143 root INFO Val Acc   : 0.9410
2026-07-22 16:53:28,360 root INFO Train Loss: 0.0813
2026-07-22 16:53:28,360 root INFO Train Acc : 0.9605
2026-07-22 16:53:28,360 root INFO Val Loss  : 0.2678
2026-07-22 16:53:28,361 root INFO Val Acc   : 0.9418
2026-07-22 17:20:18,531 root INFO Train Loss: 0.0781
2026-07-22 17:20:18,531 root INFO Train Acc : 0.9591
2026-07-22 17:20:18,531 root INFO Val Loss  : 0.2637
2026-07-22 17:20:18,532 root INFO Val Acc   : 0.9462
2026-07-22 17:47:51,096 root INFO Train Loss: 0.0776
2026-07-22 17:47:51,097 root INFO Train Acc : 0.9598
2026-07-22 17:47:51,097 root INFO Val Loss  : 0.2639
2026-07-22 17:47:51,097 root INFO Val Acc   : 0.9436
2026-07-22 18:14:58,154 root INFO Train Loss: 0.0774
2026-07-22 18:14:58,155 root INFO Train Acc : 0.9599
2026-07-22 18:14:58,155 root INFO Val Loss  : 0.2700
2026-07-22 18:14:58,155 root INFO Val Acc   : 0.9436
2026-07-22 18:42:49,174 root INFO Train Loss: 0.0754
2026-07-22 18:42:49,174 root INFO Train Acc : 0.9596
2026-07-22 18:42:49,174 root INFO Val Loss  : 0.2846
2026-07-22 18:42:49,175 root INFO Val Acc   : 0.9436
2026-07-22 19:10:27,526 root INFO Train Loss: 0.0714
2026-07-22 19:10:27,529 root INFO Train Acc : 0.9621
2026-07-22 19:10:27,529 root INFO Val Loss  : 0.2909
2026-07-22 19:10:27,529 root INFO Val Acc   : 0.9418
2026-07-22 19:37:16,033 root INFO Train Loss: 0.0705
2026-07-22 19:37:16,033 root INFO Train Acc : 0.9662
2026-07-22 19:37:16,033 root INFO Val Loss  : 0.2783
2026-07-22 19:37:16,033 root INFO Val Acc   : 0.9453
2026-07-22 20:04:08,515 root INFO Train Loss: 0.0677
2026-07-22 20:04:08,515 root INFO Train Acc : 0.9632
2026-07-22 20:04:08,515 root INFO Val Loss  : 0.2799
2026-07-22 20:04:08,516 root INFO Val Acc   : 0.9427
2026-07-22 20:31:21,498 root INFO Train Loss: 0.0692
2026-07-22 20:31:21,498 root INFO Train Acc : 0.9645
2026-07-22 20:31:21,498 root INFO Val Loss  : 0.2886
2026-07-22 20:31:21,498 root INFO Val Acc   : 0.9401
2026-07-22 20:32:17,273 root INFO 
Best validation accuracy: 0.9462
2026-07-22 20:32:17,273 root INFO Test accuracy: 0.9178
